Using pre-set license
Built from '2020.3/staging' branch; Version is '2020.3.3f1 (76626098c1c4) revision 7758432'; Using compiler version '192528614'; Build Type 'Release'
OS: 'Windows 10 Home; OS build 19042.928; Version 2009; 64bit' Language: 'en' Physical Memory: 8122 MB
BatchMode: 1, IsHumanControllingUs: 0, StartBugReporterOnCrash: 0, Is64bit: 1, IsPro: 0

 COMMAND LINE ARGUMENTS:
C:\Program Files\Unity\Hub\Editor\2020.3.3f1\Editor\Unity.exe
-adb2
-batchMode
-noUpm
-name
AssetImportWorker0
-projectPath
C:/Users/Korinne/OneDrive/Documents/Cross Platform Programming/Spring2021CPPKorinneLoft
-logFile
Logs/AssetImportWorker0.log
-srvPort
57311
Successfully changed project path to: C:/Users/Korinne/OneDrive/Documents/Cross Platform Programming/Spring2021CPPKorinneLoft
C:/Users/Korinne/OneDrive/Documents/Cross Platform Programming/Spring2021CPPKorinneLoft
Using Asset Import Pipeline V2.
Refreshing native plugins compatible for Editor in 39.92 ms, found 1 plugins.
Preloading 0 native plugins for Editor in 0.00 ms.
Initialize engine version: 2020.3.3f1 (76626098c1c4)
[Subsystems] Discovering subsystems at path C:/Program Files/Unity/Hub/Editor/2020.3.3f1/Editor/Data/Resources/UnitySubsystems
[Subsystems] Discovering subsystems at path C:/Users/Korinne/OneDrive/Documents/Cross Platform Programming/Spring2021CPPKorinneLoft/Assets
GfxDevice: creating device client; threaded=0
Direct3D:
    Version:  Direct3D 11.0 [level 11.1]
    Renderer: NVIDIA GeForce GTX 1660 Ti (ID=0x2182)
    Vendor:   
    VRAM:     5991 MB
    Driver:   27.21.14.6611
Initialize mono
Mono path[0] = 'C:/Program Files/Unity/Hub/Editor/2020.3.3f1/Editor/Data/Managed'
Mono path[1] = 'C:/Program Files/Unity/Hub/Editor/2020.3.3f1/Editor/Data/MonoBleedingEdge/lib/mono/unityjit'
Mono config path = 'C:/Program Files/Unity/Hub/Editor/2020.3.3f1/Editor/Data/MonoBleedingEdge/etc'
Using monoOptions --debugger-agent=transport=dt_socket,embedding=1,server=y,suspend=n,address=127.0.0.1:56912
Begin MonoManager ReloadAssembly
Registering precompiled unity dll's ...
Register platform support module: C:/Program Files/Unity/Hub/Editor/2020.3.3f1/Editor/Data/PlaybackEngines/WindowsStandaloneSupport/UnityEditor.WindowsStandalone.Extensions.dll
Registered in 0.003003 seconds.
Native extension for WindowsStandalone target not found
Refreshing native plugins compatible for Editor in 39.88 ms, found 1 plugins.
Preloading 0 native plugins for Editor in 0.00 ms.
Invoked RoslynAnalysisRunner static constructor.
RoslynAnalysisRunner will not be running.
RoslynAnalysisRunner has terminated.
Mono: successfully reloaded assembly
- Completed reload, in  1.338 seconds
Platform modules already initialized, skipping
Registering precompiled user dll's ...
Registered in 0.001256 seconds.
Begin MonoManager ReloadAssembly
Native extension for WindowsStandalone target not found
Refreshing native plugins compatible for Editor in 39.65 ms, found 1 plugins.
Preloading 0 native plugins for Editor in 0.00 ms.
Invoked RoslynAnalysisRunner static constructor.
RoslynAnalysisRunner will not be running.
RoslynAnalysisRunner has terminated.
Mono: successfully reloaded assembly
- Completed reload, in  1.038 seconds
Platform modules already initialized, skipping
========================================================================
Worker process is ready to serve import requests
Launched and connected shader compiler UnityShaderCompiler.exe after 0.05 seconds
Refreshing native plugins compatible for Editor in 0.35 ms, found 1 plugins.
Preloading 0 native plugins for Editor in 0.00 ms.
Unloading 1808 Unused Serialized files (Serialized files now loaded: 0)
System memory in use before: 85.4 MB.
System memory in use after: 85.4 MB.

Unloading 24 unused Assets to reduce memory usage. Loaded Objects now: 2250.
Total: 2.253500 ms (FindLiveObjects: 0.235600 ms CreateObjectMapping: 0.046700 ms MarkObjects: 1.834300 ms  DeleteObjects: 0.135600 ms)

========================================================================
Received Import Request.
  path: Assets/New Folder
  artifactKey: Guid(8f0b77e9ff320f0458b291786402a8a2) Importer(815301076,1909f56bfc062723c751e8b465ee728b)
Start importing Assets/New Folder using Guid(8f0b77e9ff320f0458b291786402a8a2) Importer(815301076,1909f56bfc062723c751e8b465ee728b)  -> (artifact id: '4ad0a5ae59e515fb4158e30a68ea48aa') in 0.006590 seconds
  Import took 0.011976 seconds .

========================================================================
Received Import Request.
  Time since last request: 1.780549 seconds.
  path: Assets/Sprites
  artifactKey: Guid(8f0b77e9ff320f0458b291786402a8a2) Importer(815301076,1909f56bfc062723c751e8b465ee728b)
Start importing Assets/Sprites using Guid(8f0b77e9ff320f0458b291786402a8a2) Importer(815301076,1909f56bfc062723c751e8b465ee728b)  -> (artifact id: 'e9a90b55f5262e3b26eeb89a37d2a4bd') in 0.003398 seconds
  Import took 0.009255 seconds .

========================================================================
Received Import Request.
  Time since last request: 0.269326 seconds.
  path: Assets/Scenes
  artifactKey: Guid(f0d518915bfd88f4eb6646226ebdffaa) Importer(815301076,1909f56bfc062723c751e8b465ee728b)
Start importing Assets/Scenes using Guid(f0d518915bfd88f4eb6646226ebdffaa) Importer(815301076,1909f56bfc062723c751e8b465ee728b)  -> (artifact id: 'b12a547e67505e24fb3d5dedb68a0528') in 0.003486 seconds
  Import took 0.007704 seconds .

========================================================================
Received Import Request.
  Time since last request: 0.006442 seconds.
  path: Assets/Scenes
  artifactKey: Guid(f0d518915bfd88f4eb6646226ebdffaa) Importer(815301076,1909f56bfc062723c751e8b465ee728b)
Start importing Assets/Scenes using Guid(f0d518915bfd88f4eb6646226ebdffaa) Importer(815301076,1909f56bfc062723c751e8b465ee728b)  -> (artifact id: 'b12a547e67505e24fb3d5dedb68a0528') in 0.003202 seconds
  Import took 0.007386 seconds .

========================================================================
Received Import Request.
  Time since last request: 10.321799 seconds.
  path: Assets/Sprites/New Folder
  artifactKey: Guid(5ff3059dd01f76b4fa62deff5e329530) Importer(815301076,1909f56bfc062723c751e8b465ee728b)
Start importing Assets/Sprites/New Folder using Guid(5ff3059dd01f76b4fa62deff5e329530) Importer(815301076,1909f56bfc062723c751e8b465ee728b)  -> (artifact id: 'b977c2b5816abb38fd55fb742e260d9a') in 0.003086 seconds
  Import took 0.008075 seconds .

========================================================================
Received Import Request.
  Time since last request: 42.551918 seconds.
  path: Assets/Scenes/Sprites
  artifactKey: Guid(beb00bbe97507214db361fb378f22865) Importer(815301076,1909f56bfc062723c751e8b465ee728b)
Start importing Assets/Scenes/Sprites using Guid(beb00bbe97507214db361fb378f22865) Importer(815301076,1909f56bfc062723c751e8b465ee728b)  -> (artifact id: '2f469611f4721e2923111a6809e07e78') in 0.003081 seconds
  Import took 0.007693 seconds .

========================================================================
Received Import Request.
  Time since last request: 19.141461 seconds.
  path: Assets/Scenes/Sprites/Enemies
  artifactKey: Guid(86977cc7d5fa06c40ad73ff7c0e53ab6) Importer(815301076,1909f56bfc062723c751e8b465ee728b)
Start importing Assets/Scenes/Sprites/Enemies using Guid(86977cc7d5fa06c40ad73ff7c0e53ab6) Importer(815301076,1909f56bfc062723c751e8b465ee728b)  -> (artifact id: '64573ce404c3b88f87397f633cb8f66c') in 0.003261 seconds
  Import took 0.008418 seconds .

========================================================================
Received Import Request.
  Time since last request: 0.001209 seconds.
  path: Assets/Scenes/Sprites/Enemies
  artifactKey: Guid(86977cc7d5fa06c40ad73ff7c0e53ab6) Importer(815301076,1909f56bfc062723c751e8b465ee728b)
Start importing Assets/Scenes/Sprites/Enemies using Guid(86977cc7d5fa06c40ad73ff7c0e53ab6) Importer(815301076,1909f56bfc062723c751e8b465ee728b)  -> (artifact id: '64573ce404c3b88f87397f633cb8f66c') in 0.002985 seconds
  Import took 0.006973 seconds .

========================================================================
Received Import Request.
  Time since last request: 8.600389 seconds.
  path: Assets/Scenes/Sprites/Player
  artifactKey: Guid(cca96bb3980c0a149a8f2984f1b144b6) Importer(815301076,1909f56bfc062723c751e8b465ee728b)
Start importing Assets/Scenes/Sprites/Player using Guid(cca96bb3980c0a149a8f2984f1b144b6) Importer(815301076,1909f56bfc062723c751e8b465ee728b)  -> (artifact id: '0bc2e1ba9c1079d77279fa0b05acbba7') in 0.003468 seconds
  Import took 0.008423 seconds .

========================================================================
Received Import Request.
  Time since last request: 0.000998 seconds.
  path: Assets/Scenes/Sprites/Player
  artifactKey: Guid(cca96bb3980c0a149a8f2984f1b144b6) Importer(815301076,1909f56bfc062723c751e8b465ee728b)
Start importing Assets/Scenes/Sprites/Player using Guid(cca96bb3980c0a149a8f2984f1b144b6) Importer(815301076,1909f56bfc062723c751e8b465ee728b)  -> (artifact id: '0bc2e1ba9c1079d77279fa0b05acbba7') in 0.002815 seconds
  Import took 0.006578 seconds .

========================================================================
Received Import Request.
  Time since last request: 69.501076 seconds.
  path: Assets/Scenes/Sprites/Enemies/Sprite_Enemies.png
  artifactKey: Guid(8a5067c1e5701df47924bbc2926f2a27) Importer(815301076,1909f56bfc062723c751e8b465ee728b)
Start importing Assets/Scenes/Sprites/Enemies/Sprite_Enemies.png using Guid(8a5067c1e5701df47924bbc2926f2a27) Importer(815301076,1909f56bfc062723c751e8b465ee728b)  -> (artifact id: '00ce2e0d535e0a736247e48023ea9171') in 0.107107 seconds
  Import took 0.112226 seconds .

========================================================================
Received Import Request.
  Time since last request: 10.298290 seconds.
  path: Assets/Scenes/Sprites/Player/Sprite_Mario.png
  artifactKey: Guid(2110123443f8b9742ad968d6df6219ae) Importer(815301076,1909f56bfc062723c751e8b465ee728b)
Start importing Assets/Scenes/Sprites/Player/Sprite_Mario.png using Guid(2110123443f8b9742ad968d6df6219ae) Importer(815301076,1909f56bfc062723c751e8b465ee728b)  -> (artifact id: 'bee613c853059047f44bf8db64d73aea') in 0.017077 seconds
  Import took 0.021824 seconds .

========================================================================
Received Import Request.
  Time since last request: 27.862685 seconds.
  path: Assets/Scenes/Sprites/Enemies/Misc
  artifactKey: Guid(6d4738fcb118a6d49b77de2def4f2eab) Importer(815301076,1909f56bfc062723c751e8b465ee728b)
Start importing Assets/Scenes/Sprites/Enemies/Misc using Guid(6d4738fcb118a6d49b77de2def4f2eab) Importer(815301076,1909f56bfc062723c751e8b465ee728b)  -> (artifact id: '24dab783e87afff6dea172fe5a34af92') in 0.003435 seconds
  Import took 0.008213 seconds .

========================================================================
Received Import Request.
  Time since last request: 0.001066 seconds.
  path: Assets/Scenes/Sprites/Enemies/Misc
  artifactKey: Guid(6d4738fcb118a6d49b77de2def4f2eab) Importer(815301076,1909f56bfc062723c751e8b465ee728b)
Start importing Assets/Scenes/Sprites/Enemies/Misc using Guid(6d4738fcb118a6d49b77de2def4f2eab) Importer(815301076,1909f56bfc062723c751e8b465ee728b)  -> (artifact id: '24dab783e87afff6dea172fe5a34af92') in 0.002807 seconds
  Import took 0.006871 seconds .

========================================================================
Received Import Request.
  Time since last request: 48.862156 seconds.
  path: Assets/Scenes/Sprites/Misc
  artifactKey: Guid(6ecc1f0466569234e93a752f1234179d) Importer(815301076,1909f56bfc062723c751e8b465ee728b)
Start importing Assets/Scenes/Sprites/Misc using Guid(6ecc1f0466569234e93a752f1234179d) Importer(815301076,1909f56bfc062723c751e8b465ee728b)  -> (artifact id: 'cc9533ab73d9760ed9c7502e9f760bf4') in 0.003285 seconds
  Import took 0.008059 seconds .

========================================================================
Received Import Request.
  Time since last request: 220.278944 seconds.
  path: Assets/Scenes/Sprites/Misc/DonutPlains1_DONE.png
  artifactKey: Guid(0fd3dde97d89efa45b6edd8a0bd569ce) Importer(815301076,1909f56bfc062723c751e8b465ee728b)
Start importing Assets/Scenes/Sprites/Misc/DonutPlains1_DONE.png using Guid(0fd3dde97d89efa45b6edd8a0bd569ce) Importer(815301076,1909f56bfc062723c751e8b465ee728b)  -> (artifact id: '316e14e6d338657e13a4db0d4a40d2cc') in 0.016554 seconds
  Import took 0.021095 seconds .

========================================================================
Received Import Request.
  Time since last request: 0.000424 seconds.
  path: Assets/Scenes/Sprites/Misc/SuperMarioWorld-ChocolateIsland-ChocolateIsland1.png
  artifactKey: Guid(bf314137c4b72e344b34d691ad1d86c9) Importer(815301076,1909f56bfc062723c751e8b465ee728b)
Start importing Assets/Scenes/Sprites/Misc/SuperMarioWorld-ChocolateIsland-ChocolateIsland1.png using Guid(bf314137c4b72e344b34d691ad1d86c9) Importer(815301076,1909f56bfc062723c751e8b465ee728b)  -> (artifact id: '662c962d7deca3353849e385b706b598') in 0.021389 seconds
  Import took 0.025352 seconds .

========================================================================
Received Import Request.
  Time since last request: 803.505276 seconds.
  path: Assets/Scenes/Sprites/Misc/DonutPlains1_DONE.png
  artifactKey: Guid(0fd3dde97d89efa45b6edd8a0bd569ce) Importer(815301076,1909f56bfc062723c751e8b465ee728b)
Start importing Assets/Scenes/Sprites/Misc/DonutPlains1_DONE.png using Guid(0fd3dde97d89efa45b6edd8a0bd569ce) Importer(815301076,1909f56bfc062723c751e8b465ee728b)  -> (artifact id: '521f370886de3377a281e4df66daf6c4') in 0.026629 seconds
  Import took 0.031835 seconds .

========================================================================
Received Import Request.
  Time since last request: 522.498155 seconds.
  path: Assets/Scenes/Sprites/Misc/DonutPlains1_DONE.png
  artifactKey: Guid(0fd3dde97d89efa45b6edd8a0bd569ce) Importer(815301076,1909f56bfc062723c751e8b465ee728b)
Start importing Assets/Scenes/Sprites/Misc/DonutPlains1_DONE.png using Guid(0fd3dde97d89efa45b6edd8a0bd569ce) Importer(815301076,1909f56bfc062723c751e8b465ee728b)  -> (artifact id: '53c63235d58d03b2b7f46de56555e493') in 0.044629 seconds
  Import took 0.049239 seconds .

========================================================================
Received Import Request.
  Time since last request: 38.616238 seconds.
  path: Assets/Scenes/Sprites/Enemies/New Folder
  artifactKey: Guid(cfb036b3d53ff464883e840e29aa1430) Importer(815301076,1909f56bfc062723c751e8b465ee728b)
Start importing Assets/Scenes/Sprites/Enemies/New Folder using Guid(cfb036b3d53ff464883e840e29aa1430) Importer(815301076,1909f56bfc062723c751e8b465ee728b)  -> (artifact id: 'c216ab6ee166b7523d8c95cc4e8f9ec3') in 0.003178 seconds
  Import took 0.007382 seconds .

========================================================================
Received Import Request.
  Time since last request: 50.555856 seconds.
  path: Assets/Scenes/Sprites/Misc/DonutPlains1_DONE.png
  artifactKey: Guid(0fd3dde97d89efa45b6edd8a0bd569ce) Importer(815301076,1909f56bfc062723c751e8b465ee728b)
Start importing Assets/Scenes/Sprites/Misc/DonutPlains1_DONE.png using Guid(0fd3dde97d89efa45b6edd8a0bd569ce) Importer(815301076,1909f56bfc062723c751e8b465ee728b)  -> (artifact id: '213fbebb15df7c0f5677ba4603bdc0c7') in 0.052722 seconds
  Import took 0.057091 seconds .

========================================================================
Received Import Request.
  Time since last request: 9.871666 seconds.
  path: Assets/Scenes/Sprites/Misc/DonutPlains1_DONE.png
  artifactKey: Guid(0fd3dde97d89efa45b6edd8a0bd569ce) Importer(815301076,1909f56bfc062723c751e8b465ee728b)
Start importing Assets/Scenes/Sprites/Misc/DonutPlains1_DONE.png using Guid(0fd3dde97d89efa45b6edd8a0bd569ce) Importer(815301076,1909f56bfc062723c751e8b465ee728b)  -> (artifact id: '813627fecbbb34d18a3b0512007dd3ce') in 0.052005 seconds
  Import took 0.056281 seconds .

========================================================================
Received Import Request.
  Time since last request: 251.828886 seconds.
  path: Assets/Scenes/Sprites/Player/Sprite_Mario.png
  artifactKey: Guid(2110123443f8b9742ad968d6df6219ae) Importer(815301076,1909f56bfc062723c751e8b465ee728b)
Start importing Assets/Scenes/Sprites/Player/Sprite_Mario.png using Guid(2110123443f8b9742ad968d6df6219ae) Importer(815301076,1909f56bfc062723c751e8b465ee728b)  -> (artifact id: 'fbf3a57628189fa12b841aca1c65d1d3') in 0.010788 seconds
  Import took 0.015791 seconds .

========================================================================
Received Import Request.
  Time since last request: 27.193650 seconds.
  path: Assets/Scenes/Sprites/DonutPlains1_DONE 1.png
  artifactKey: Guid(4c6dfadde3549a847a900cd6c33cb4ac) Importer(815301076,1909f56bfc062723c751e8b465ee728b)
Start importing Assets/Scenes/Sprites/DonutPlains1_DONE 1.png using Guid(4c6dfadde3549a847a900cd6c33cb4ac) Importer(815301076,1909f56bfc062723c751e8b465ee728b)  -> (artifact id: '3f0d7392f1cb9eb8252dd8a791d1810b') in 0.012407 seconds
  Import took 0.017285 seconds .

========================================================================
Received Import Request.
  Time since last request: 4.570229 seconds.
  path: Assets/Scenes/Sprites/DonutPlains1_DONE.png
  artifactKey: Guid(7f48dcec9314d404bb976ac3e824dc74) Importer(815301076,1909f56bfc062723c751e8b465ee728b)
Start importing Assets/Scenes/Sprites/DonutPlains1_DONE.png using Guid(7f48dcec9314d404bb976ac3e824dc74) Importer(815301076,1909f56bfc062723c751e8b465ee728b)  -> (artifact id: '203ae2957f9518d460ffcf9c7658798c') in 0.026743 seconds
  Import took 0.031628 seconds .

========================================================================
Received Import Request.
  Time since last request: 76.576806 seconds.
  path: Assets/Scenes/Sprites/Misc/DonutPlains1_DONE.png
  artifactKey: Guid(0fd3dde97d89efa45b6edd8a0bd569ce) Importer(815301076,1909f56bfc062723c751e8b465ee728b)
Start importing Assets/Scenes/Sprites/Misc/DonutPlains1_DONE.png using Guid(0fd3dde97d89efa45b6edd8a0bd569ce) Importer(815301076,1909f56bfc062723c751e8b465ee728b)  -> (artifact id: '0497d3f6d2f932e109d5b6c1dc1169f5') in 0.016728 seconds
  Import took 0.021975 seconds .

========================================================================
Received Import Request.
  Time since last request: 471.524601 seconds.
  path: Assets/Scenes/Sprites/Misc/DonutPlains1_DONE.png
  artifactKey: Guid(0fd3dde97d89efa45b6edd8a0bd569ce) Importer(815301076,1909f56bfc062723c751e8b465ee728b)
Start importing Assets/Scenes/Sprites/Misc/DonutPlains1_DONE.png using Guid(0fd3dde97d89efa45b6edd8a0bd569ce) Importer(815301076,1909f56bfc062723c751e8b465ee728b)  -> (artifact id: '4176012502d28ab4c4527379b6a10dcd') in 0.042316 seconds
  Import took 0.047232 seconds .

========================================================================
Received Import Request.
  Time since last request: 48719.965666 seconds.
  path: Assets/Scenes/Sprites/Misc/DonutPlains1_DONE.png
  artifactKey: Guid(0fd3dde97d89efa45b6edd8a0bd569ce) Importer(815301076,1909f56bfc062723c751e8b465ee728b)
Start importing Assets/Scenes/Sprites/Misc/DonutPlains1_DONE.png using Guid(0fd3dde97d89efa45b6edd8a0bd569ce) Importer(815301076,1909f56bfc062723c751e8b465ee728b)  -> (artifact id: 'c7c7c67a019f8d0cd781a4c293c254d4') in 0.135450 seconds
  Import took 0.225107 seconds .

========================================================================
Received Import Request.
  Time since last request: 8.457084 seconds.
  path: Assets/Scenes/Sprites/Misc/DonutPlains1_DONE.png
  artifactKey: Guid(0fd3dde97d89efa45b6edd8a0bd569ce) Importer(815301076,1909f56bfc062723c751e8b465ee728b)
Start importing Assets/Scenes/Sprites/Misc/DonutPlains1_DONE.png using Guid(0fd3dde97d89efa45b6edd8a0bd569ce) Importer(815301076,1909f56bfc062723c751e8b465ee728b)  -> (artifact id: 'b7f5617713b55a8f01c6e00254f92aed') in 0.067715 seconds
  Import took 0.072507 seconds .

========================================================================
Received Import Request.
  Time since last request: 12.813007 seconds.
  path: Assets/Scenes/Sprites/Misc/DonutPlains1_DONE.png
  artifactKey: Guid(0fd3dde97d89efa45b6edd8a0bd569ce) Importer(815301076,1909f56bfc062723c751e8b465ee728b)
Start importing Assets/Scenes/Sprites/Misc/DonutPlains1_DONE.png using Guid(0fd3dde97d89efa45b6edd8a0bd569ce) Importer(815301076,1909f56bfc062723c751e8b465ee728b)  -> (artifact id: '0e7ca2dab41aaf730bd480212682d805') in 0.050854 seconds
  Import took 0.055794 seconds .

========================================================================
Received Import Request.
  Time since last request: 19.652544 seconds.
  path: Assets/Scenes/Sprites/Misc/DonutPlains1_DONE.png
  artifactKey: Guid(0fd3dde97d89efa45b6edd8a0bd569ce) Importer(815301076,1909f56bfc062723c751e8b465ee728b)
Start importing Assets/Scenes/Sprites/Misc/DonutPlains1_DONE.png using Guid(0fd3dde97d89efa45b6edd8a0bd569ce) Importer(815301076,1909f56bfc062723c751e8b465ee728b)  -> (artifact id: '2f603bc08515a4ba49b078e7913dfb54') in 0.053594 seconds
  Import took 0.057983 seconds .

========================================================================
Received Import Request.
  Time since last request: 5.990692 seconds.
  path: Assets/Scenes/Sprites/Misc/DonutPlains1_DONE.png
  artifactKey: Guid(0fd3dde97d89efa45b6edd8a0bd569ce) Importer(815301076,1909f56bfc062723c751e8b465ee728b)
Start importing Assets/Scenes/Sprites/Misc/DonutPlains1_DONE.png using Guid(0fd3dde97d89efa45b6edd8a0bd569ce) Importer(815301076,1909f56bfc062723c751e8b465ee728b)  -> (artifact id: '011b3898ec36a5868d509ed82e47d244') in 0.059041 seconds
  Import took 0.063720 seconds .

========================================================================
Received Import Request.
  Time since last request: 30.441546 seconds.
  path: Assets/Scenes/Sprites/Misc/Background Elements.gif
  artifactKey: Guid(b005e24cea5c87245a3f41ce710fda35) Importer(815301076,1909f56bfc062723c751e8b465ee728b)
Start importing Assets/Scenes/Sprites/Misc/Background Elements.gif using Guid(b005e24cea5c87245a3f41ce710fda35) Importer(815301076,1909f56bfc062723c751e8b465ee728b)  -> (artifact id: 'a672cf11cd5214e06888ecf61d4b42c0') in 0.042308 seconds
  Import took 0.047452 seconds .

========================================================================
Received Import Request.
  Time since last request: 5.579654 seconds.
  path: Assets/Scenes/Sprites/Misc/DonutPlains1_DONE.png
  artifactKey: Guid(0fd3dde97d89efa45b6edd8a0bd569ce) Importer(815301076,1909f56bfc062723c751e8b465ee728b)
Start importing Assets/Scenes/Sprites/Misc/DonutPlains1_DONE.png using Guid(0fd3dde97d89efa45b6edd8a0bd569ce) Importer(815301076,1909f56bfc062723c751e8b465ee728b)  -> (artifact id: 'adabb5d48159a1a5ba6b8b87654efd35') in 0.054298 seconds
  Import took 0.059253 seconds .

========================================================================
Received Import Request.
  Time since last request: 6.446180 seconds.
  path: Assets/Scenes/Sprites/Misc/DonutPlains1_DONE.png
  artifactKey: Guid(0fd3dde97d89efa45b6edd8a0bd569ce) Importer(815301076,1909f56bfc062723c751e8b465ee728b)
Start importing Assets/Scenes/Sprites/Misc/DonutPlains1_DONE.png using Guid(0fd3dde97d89efa45b6edd8a0bd569ce) Importer(815301076,1909f56bfc062723c751e8b465ee728b)  -> (artifact id: '17f686fda511a865463e08890b3f3393') in 0.058294 seconds
  Import took 0.063001 seconds .

========================================================================
Received Import Request.
  Time since last request: 389.907762 seconds.
  path: Assets/Scenes/Sprites/Misc/DonutPlains1_DONE.png
  artifactKey: Guid(0fd3dde97d89efa45b6edd8a0bd569ce) Importer(815301076,1909f56bfc062723c751e8b465ee728b)
Start importing Assets/Scenes/Sprites/Misc/DonutPlains1_DONE.png using Guid(0fd3dde97d89efa45b6edd8a0bd569ce) Importer(815301076,1909f56bfc062723c751e8b465ee728b)  -> (artifact id: '5317cb24c0c32caeded300975bb45bd0') in 0.114988 seconds
  Import took 0.119766 seconds .

========================================================================
Received Import Request.
  Time since last request: 63.842502 seconds.
  path: Assets/Scenes/Sprites/Misc/DonutPlains1_DONE.png
  artifactKey: Guid(0fd3dde97d89efa45b6edd8a0bd569ce) Importer(815301076,1909f56bfc062723c751e8b465ee728b)
Start importing Assets/Scenes/Sprites/Misc/DonutPlains1_DONE.png using Guid(0fd3dde97d89efa45b6edd8a0bd569ce) Importer(815301076,1909f56bfc062723c751e8b465ee728b)  -> (artifact id: 'bc9f782ed2a1a5c2871b7b87d330cb58') in 0.100786 seconds
  Import took 0.106380 seconds .

========================================================================
Received Import Request.
  Time since last request: 43.644346 seconds.
  path: Assets/Scenes/Sprites/Misc/DonutPlains1_DONE.png
  artifactKey: Guid(0fd3dde97d89efa45b6edd8a0bd569ce) Importer(815301076,1909f56bfc062723c751e8b465ee728b)
Start importing Assets/Scenes/Sprites/Misc/DonutPlains1_DONE.png using Guid(0fd3dde97d89efa45b6edd8a0bd569ce) Importer(815301076,1909f56bfc062723c751e8b465ee728b)  -> (artifact id: 'e25d6c4795c298c245ce20c201ab32ab') in 0.067100 seconds
  Import took 0.072265 seconds .

========================================================================
Received Import Request.
  Time since last request: 17.413682 seconds.
  path: Assets/Scenes/Sprites/Misc/DonutPlains1_DONE.png
  artifactKey: Guid(0fd3dde97d89efa45b6edd8a0bd569ce) Importer(815301076,1909f56bfc062723c751e8b465ee728b)
Start importing Assets/Scenes/Sprites/Misc/DonutPlains1_DONE.png using Guid(0fd3dde97d89efa45b6edd8a0bd569ce) Importer(815301076,1909f56bfc062723c751e8b465ee728b)  -> (artifact id: 'af5ca9aa1baf5b18ff5f7409b48a288f') in 0.059181 seconds
  Import took 0.064236 seconds .

========================================================================
Received Import Request.
  Time since last request: 1183.451183 seconds.
  path: Assets/Scenes/Sprites/Player/Sprite_Mario.png
  artifactKey: Guid(2110123443f8b9742ad968d6df6219ae) Importer(815301076,1909f56bfc062723c751e8b465ee728b)
Start importing Assets/Scenes/Sprites/Player/Sprite_Mario.png using Guid(2110123443f8b9742ad968d6df6219ae) Importer(815301076,1909f56bfc062723c751e8b465ee728b)  -> (artifact id: '6f35f90a2502791cd26efd2aff019a79') in 0.017861 seconds
  Import took 0.024658 seconds .

========================================================================
Received Import Request.
  Time since last request: 188.196286 seconds.
  path: Assets/Scenes/Sprites/Player/Sprite_Mario.png
  artifactKey: Guid(2110123443f8b9742ad968d6df6219ae) Importer(815301076,1909f56bfc062723c751e8b465ee728b)
Start importing Assets/Scenes/Sprites/Player/Sprite_Mario.png using Guid(2110123443f8b9742ad968d6df6219ae) Importer(815301076,1909f56bfc062723c751e8b465ee728b)  -> (artifact id: 'f79b6aa9b3d51812a627c4752f4feee9') in 0.189335 seconds
  Import took 0.195199 seconds .

========================================================================
Received Import Request.
  Time since last request: 61.622455 seconds.
  path: Assets/Scenes/Sprites/Player/Sprite_Mario.png
  artifactKey: Guid(2110123443f8b9742ad968d6df6219ae) Importer(815301076,1909f56bfc062723c751e8b465ee728b)
Start importing Assets/Scenes/Sprites/Player/Sprite_Mario.png using Guid(2110123443f8b9742ad968d6df6219ae) Importer(815301076,1909f56bfc062723c751e8b465ee728b)  -> (artifact id: '0c04d13c594b1c7c1b42b3cb69439970') in 0.104155 seconds
  Import took 0.109047 seconds .

========================================================================
Received Import Request.
  Time since last request: 12.234021 seconds.
  path: Assets/Scenes/Sprites/Player/Sprite_Mario.png
  artifactKey: Guid(2110123443f8b9742ad968d6df6219ae) Importer(815301076,1909f56bfc062723c751e8b465ee728b)
Start importing Assets/Scenes/Sprites/Player/Sprite_Mario.png using Guid(2110123443f8b9742ad968d6df6219ae) Importer(815301076,1909f56bfc062723c751e8b465ee728b)  -> (artifact id: 'fc6923e3139bd04875084c1b1afd0c79') in 0.129189 seconds
  Import took 0.133976 seconds .

========================================================================
Received Import Request.
  Time since last request: 71.037970 seconds.
  path: Assets/Scenes/Sprites/Player/Sprite_Mario.png
  artifactKey: Guid(2110123443f8b9742ad968d6df6219ae) Importer(815301076,1909f56bfc062723c751e8b465ee728b)
Start importing Assets/Scenes/Sprites/Player/Sprite_Mario.png using Guid(2110123443f8b9742ad968d6df6219ae) Importer(815301076,1909f56bfc062723c751e8b465ee728b)  -> (artifact id: '5dd1657f6b7d626b246f490b6575db80') in 0.165229 seconds
  Import took 0.170071 seconds .

========================================================================
Received Import Request.
  Time since last request: 258.777687 seconds.
  path: Assets/Scenes/Sprites/Misc/DonutPlains1_DONE.png
  artifactKey: Guid(0fd3dde97d89efa45b6edd8a0bd569ce) Importer(815301076,1909f56bfc062723c751e8b465ee728b)
Start importing Assets/Scenes/Sprites/Misc/DonutPlains1_DONE.png using Guid(0fd3dde97d89efa45b6edd8a0bd569ce) Importer(815301076,1909f56bfc062723c751e8b465ee728b)  -> (artifact id: 'f1ef86221e3f64f7e3412eff2069b851') in 0.085970 seconds
  Import took 0.091261 seconds .

========================================================================
Received Import Request.
  Time since last request: 518.477568 seconds.
  path: ProjectSettings/TagManager.asset
  artifactKey: Guid(00000000000000003000000000000000) Importer(815301076,1909f56bfc062723c751e8b465ee728b)
Start importing ProjectSettings/TagManager.asset using Guid(00000000000000003000000000000000) Importer(815301076,1909f56bfc062723c751e8b465ee728b)  -> (artifact id: '3125bf62d54dbcdd0ce3e4c540a7aa4e') in 0.078702 seconds
  Import took 0.084225 seconds .

========================================================================
Received Import Request.
  Time since last request: 529.199750 seconds.
  path: Assets/Scenes/Sprites/Player/Sprite_Mario.png
  artifactKey: Guid(2110123443f8b9742ad968d6df6219ae) Importer(815301076,1909f56bfc062723c751e8b465ee728b)
Start importing Assets/Scenes/Sprites/Player/Sprite_Mario.png using Guid(2110123443f8b9742ad968d6df6219ae) Importer(815301076,1909f56bfc062723c751e8b465ee728b)  -> (artifact id: 'e89d693ce5892826a7bcaf7e11ecabcd') in 0.111168 seconds
  Import took 0.116280 seconds .

========================================================================
Received Import Request.
  Time since last request: 15.508084 seconds.
  path: Assets/Scenes/Sprites/Misc/DonutPlains1_DONE.png
  artifactKey: Guid(0fd3dde97d89efa45b6edd8a0bd569ce) Importer(815301076,1909f56bfc062723c751e8b465ee728b)
Start importing Assets/Scenes/Sprites/Misc/DonutPlains1_DONE.png using Guid(0fd3dde97d89efa45b6edd8a0bd569ce) Importer(815301076,1909f56bfc062723c751e8b465ee728b)  -> (artifact id: 'df203862a0d0706f4932228cc895c030') in 0.064930 seconds
  Import took 0.070345 seconds .

========================================================================
Received Import Request.
  Time since last request: 219.814618 seconds.
  path: Assets/Scenes/Sprites/Player/Sprite_Mario.png
  artifactKey: Guid(2110123443f8b9742ad968d6df6219ae) Importer(815301076,1909f56bfc062723c751e8b465ee728b)
Start importing Assets/Scenes/Sprites/Player/Sprite_Mario.png using Guid(2110123443f8b9742ad968d6df6219ae) Importer(815301076,1909f56bfc062723c751e8b465ee728b)  -> (artifact id: '7c37150a22acf895e97335a8ce7b121f') in 0.141279 seconds
  Import took 0.146949 seconds .

========================================================================
Received Import Request.
  Time since last request: 10.245402 seconds.
  path: Assets/Scenes/Sprites/Player/Sprite_Mario.png
  artifactKey: Guid(2110123443f8b9742ad968d6df6219ae) Importer(815301076,1909f56bfc062723c751e8b465ee728b)
Start importing Assets/Scenes/Sprites/Player/Sprite_Mario.png using Guid(2110123443f8b9742ad968d6df6219ae) Importer(815301076,1909f56bfc062723c751e8b465ee728b)  -> (artifact id: '31ac90f60868def85d952b1a22e77fa3') in 0.149465 seconds
  Import took 0.155256 seconds .

========================================================================
Received Prepare
Registering precompiled user dll's ...
Registered in 0.001298 seconds.
Begin MonoManager ReloadAssembly
Native extension for WindowsStandalone target not found
Refreshing native plugins compatible for Editor in 0.34 ms, found 1 plugins.
Preloading 0 native plugins for Editor in 0.00 ms.
Invoked RoslynAnalysisRunner static constructor.
RoslynAnalysisRunner will not be running.
RoslynAnalysisRunner has terminated.
Mono: successfully reloaded assembly
- Completed reload, in  1.136 seconds
Platform modules already initialized, skipping
Refreshing native plugins compatible for Editor in 0.38 ms, found 1 plugins.
Preloading 0 native plugins for Editor in 0.00 ms.
Unloading 1803 Unused Serialized files (Serialized files now loaded: 0)
System memory in use before: 88.8 MB.
System memory in use after: 88.8 MB.

Unloading 13 unused Assets to reduce memory usage. Loaded Objects now: 2434.
Total: 2.469000 ms (FindLiveObjects: 0.239100 ms CreateObjectMapping: 0.043400 ms MarkObjects: 2.056200 ms  DeleteObjects: 0.128600 ms)

========================================================================
Received Prepare
Registering precompiled user dll's ...
Registered in 0.001393 seconds.
Begin MonoManager ReloadAssembly
Native extension for WindowsStandalone target not found
Refreshing native plugins compatible for Editor in 0.39 ms, found 1 plugins.
Preloading 0 native plugins for Editor in 0.00 ms.
Invoked RoslynAnalysisRunner static constructor.
RoslynAnalysisRunner will not be running.
RoslynAnalysisRunner has terminated.
Mono: successfully reloaded assembly
- Completed reload, in  0.944 seconds
Platform modules already initialized, skipping
Refreshing native plugins compatible for Editor in 0.50 ms, found 1 plugins.
Preloading 0 native plugins for Editor in 0.00 ms.
Unloading 1803 Unused Serialized files (Serialized files now loaded: 0)
System memory in use before: 88.9 MB.
System memory in use after: 88.8 MB.

Unloading 12 unused Assets to reduce memory usage. Loaded Objects now: 2438.
Total: 2.126800 ms (FindLiveObjects: 0.208900 ms CreateObjectMapping: 0.047200 ms MarkObjects: 1.761100 ms  DeleteObjects: 0.108700 ms)

========================================================================
Received Prepare
Registering precompiled user dll's ...
Registered in 0.001403 seconds.
Begin MonoManager ReloadAssembly
Native extension for WindowsStandalone target not found
Refreshing native plugins compatible for Editor in 0.41 ms, found 1 plugins.
Preloading 0 native plugins for Editor in 0.00 ms.
Invoked RoslynAnalysisRunner static constructor.
RoslynAnalysisRunner will not be running.
RoslynAnalysisRunner has terminated.
Mono: successfully reloaded assembly
- Completed reload, in  0.943 seconds
Platform modules already initialized, skipping
Refreshing native plugins compatible for Editor in 0.35 ms, found 1 plugins.
Preloading 0 native plugins for Editor in 0.00 ms.
Unloading 1803 Unused Serialized files (Serialized files now loaded: 0)
System memory in use before: 88.9 MB.
System memory in use after: 88.9 MB.

Unloading 12 unused Assets to reduce memory usage. Loaded Objects now: 2442.
Total: 2.011400 ms (FindLiveObjects: 0.179200 ms CreateObjectMapping: 0.060400 ms MarkObjects: 1.668100 ms  DeleteObjects: 0.102800 ms)

========================================================================
Received Prepare
Registering precompiled user dll's ...
Registered in 0.001265 seconds.
Begin MonoManager ReloadAssembly
Native extension for WindowsStandalone target not found
Refreshing native plugins compatible for Editor in 0.40 ms, found 1 plugins.
Preloading 0 native plugins for Editor in 0.00 ms.
Invoked RoslynAnalysisRunner static constructor.
RoslynAnalysisRunner will not be running.
RoslynAnalysisRunner has terminated.
Mono: successfully reloaded assembly
- Completed reload, in  0.904 seconds
Platform modules already initialized, skipping
Refreshing native plugins compatible for Editor in 0.37 ms, found 1 plugins.
Preloading 0 native plugins for Editor in 0.00 ms.
Unloading 1803 Unused Serialized files (Serialized files now loaded: 0)
System memory in use before: 88.9 MB.
System memory in use after: 88.9 MB.

Unloading 12 unused Assets to reduce memory usage. Loaded Objects now: 2446.
Total: 2.590500 ms (FindLiveObjects: 0.247200 ms CreateObjectMapping: 0.064200 ms MarkObjects: 2.128900 ms  DeleteObjects: 0.149000 ms)

========================================================================
Received Prepare
Registering precompiled user dll's ...
Registered in 0.001249 seconds.
Begin MonoManager ReloadAssembly
Native extension for WindowsStandalone target not found
Refreshing native plugins compatible for Editor in 0.36 ms, found 1 plugins.
Preloading 0 native plugins for Editor in 0.00 ms.
Invoked RoslynAnalysisRunner static constructor.
RoslynAnalysisRunner will not be running.
RoslynAnalysisRunner has terminated.
Mono: successfully reloaded assembly
- Completed reload, in  0.939 seconds
Platform modules already initialized, skipping
Refreshing native plugins compatible for Editor in 0.36 ms, found 1 plugins.
Preloading 0 native plugins for Editor in 0.00 ms.
Unloading 1803 Unused Serialized files (Serialized files now loaded: 0)
System memory in use before: 88.9 MB.
System memory in use after: 88.9 MB.

Unloading 12 unused Assets to reduce memory usage. Loaded Objects now: 2450.
Total: 2.077800 ms (FindLiveObjects: 0.191100 ms CreateObjectMapping: 0.047300 ms MarkObjects: 1.720900 ms  DeleteObjects: 0.117300 ms)

========================================================================
Received Prepare
Registering precompiled user dll's ...
Registered in 0.001363 seconds.
Begin MonoManager ReloadAssembly
Native extension for WindowsStandalone target not found
Refreshing native plugins compatible for Editor in 0.38 ms, found 1 plugins.
Preloading 0 native plugins for Editor in 0.00 ms.
Invoked RoslynAnalysisRunner static constructor.
RoslynAnalysisRunner will not be running.
RoslynAnalysisRunner has terminated.
Mono: successfully reloaded assembly
- Completed reload, in  0.928 seconds
Platform modules already initialized, skipping
Refreshing native plugins compatible for Editor in 0.36 ms, found 1 plugins.
Preloading 0 native plugins for Editor in 0.00 ms.
Unloading 1803 Unused Serialized files (Serialized files now loaded: 0)
System memory in use before: 88.9 MB.
System memory in use after: 88.9 MB.

Unloading 12 unused Assets to reduce memory usage. Loaded Objects now: 2454.
Total: 2.209700 ms (FindLiveObjects: 0.243100 ms CreateObjectMapping: 0.046100 ms MarkObjects: 1.792600 ms  DeleteObjects: 0.126500 ms)

========================================================================
Received Prepare
Registering precompiled user dll's ...
Registered in 0.001284 seconds.
Begin MonoManager ReloadAssembly
Native extension for WindowsStandalone target not found
Refreshing native plugins compatible for Editor in 0.36 ms, found 1 plugins.
Preloading 0 native plugins for Editor in 0.00 ms.
Invoked RoslynAnalysisRunner static constructor.
RoslynAnalysisRunner will not be running.
RoslynAnalysisRunner has terminated.
Mono: successfully reloaded assembly
- Completed reload, in  0.896 seconds
Platform modules already initialized, skipping
Refreshing native plugins compatible for Editor in 0.36 ms, found 1 plugins.
Preloading 0 native plugins for Editor in 0.00 ms.
Unloading 1803 Unused Serialized files (Serialized files now loaded: 0)
System memory in use before: 88.9 MB.
System memory in use after: 88.9 MB.

Unloading 12 unused Assets to reduce memory usage. Loaded Objects now: 2458.
Total: 2.101900 ms (FindLiveObjects: 0.207800 ms CreateObjectMapping: 0.055600 ms MarkObjects: 1.716400 ms  DeleteObjects: 0.120400 ms)

========================================================================
Received Prepare
Registering precompiled user dll's ...
Registered in 0.001293 seconds.
Begin MonoManager ReloadAssembly
Native extension for WindowsStandalone target not found
Refreshing native plugins compatible for Editor in 0.34 ms, found 1 plugins.
Preloading 0 native plugins for Editor in 0.00 ms.
Invoked RoslynAnalysisRunner static constructor.
RoslynAnalysisRunner will not be running.
RoslynAnalysisRunner has terminated.
Mono: successfully reloaded assembly
- Completed reload, in  0.911 seconds
Platform modules already initialized, skipping
Refreshing native plugins compatible for Editor in 0.35 ms, found 1 plugins.
Preloading 0 native plugins for Editor in 0.00 ms.
Unloading 1803 Unused Serialized files (Serialized files now loaded: 0)
System memory in use before: 88.9 MB.
System memory in use after: 88.9 MB.

Unloading 12 unused Assets to reduce memory usage. Loaded Objects now: 2462.
Total: 2.123400 ms (FindLiveObjects: 0.296600 ms CreateObjectMapping: 0.052200 ms MarkObjects: 1.648800 ms  DeleteObjects: 0.124700 ms)

========================================================================
Received Prepare
Registering precompiled user dll's ...
Registered in 0.001244 seconds.
Begin MonoManager ReloadAssembly
Native extension for WindowsStandalone target not found
Refreshing native plugins compatible for Editor in 0.35 ms, found 1 plugins.
Preloading 0 native plugins for Editor in 0.00 ms.
Invoked RoslynAnalysisRunner static constructor.
RoslynAnalysisRunner will not be running.
RoslynAnalysisRunner has terminated.
Mono: successfully reloaded assembly
- Completed reload, in  0.898 seconds
Platform modules already initialized, skipping
Refreshing native plugins compatible for Editor in 0.41 ms, found 1 plugins.
Preloading 0 native plugins for Editor in 0.00 ms.
Unloading 1803 Unused Serialized files (Serialized files now loaded: 0)
System memory in use before: 89.0 MB.
System memory in use after: 88.9 MB.

Unloading 12 unused Assets to reduce memory usage. Loaded Objects now: 2466.
Total: 2.048700 ms (FindLiveObjects: 0.211000 ms CreateObjectMapping: 0.046300 ms MarkObjects: 1.672300 ms  DeleteObjects: 0.118400 ms)

========================================================================
Received Prepare
Registering precompiled user dll's ...
Registered in 0.001302 seconds.
Begin MonoManager ReloadAssembly
Native extension for WindowsStandalone target not found
Refreshing native plugins compatible for Editor in 0.39 ms, found 1 plugins.
Preloading 0 native plugins for Editor in 0.00 ms.
Invoked RoslynAnalysisRunner static constructor.
RoslynAnalysisRunner will not be running.
RoslynAnalysisRunner has terminated.
Mono: successfully reloaded assembly
- Completed reload, in  0.914 seconds
Platform modules already initialized, skipping
Refreshing native plugins compatible for Editor in 0.34 ms, found 1 plugins.
Preloading 0 native plugins for Editor in 0.00 ms.
Unloading 1803 Unused Serialized files (Serialized files now loaded: 0)
System memory in use before: 89.0 MB.
System memory in use after: 88.9 MB.

Unloading 12 unused Assets to reduce memory usage. Loaded Objects now: 2470.
Total: 3.033900 ms (FindLiveObjects: 0.369000 ms CreateObjectMapping: 0.066300 ms MarkObjects: 2.423900 ms  DeleteObjects: 0.173300 ms)

AssetImportWorkerClient::OnTransportError - code=2 error=End of file
